[2019-06-20 10:51:42.423]  INFO  zqit.claim.YdClaimBatchApp logStarting  48 - Starting YdClaimBatchApp on macMacBookPro.local with PID 34400 (/Users/mac/WORK/TOOL/githubRepo/YD-CLAIM-BATCH/target/classes started by mac in /Users/mac/WORK/TOOL/githubRepo/YD-CLAIM-BATCH)
[2019-06-20 10:51:42.427]  DEBUG zqit.claim.YdClaimBatchApp logStarting  51 - Running with Spring Boot v1.5.2.RELEASE, Spring v4.3.7.RELEASE
[2019-06-20 10:51:42.428]  INFO  zqit.claim.YdClaimBatchApp logStartupProfileInfo  637 - No active profile set, falling back to default profiles: default
[2019-06-20 10:51:42.596]  INFO  o.s.boot.context.embedded.AnnotationConfigEmbeddedWebApplicationContext prepareRefresh  582 - Refreshing org.springframework.boot.context.embedded.AnnotationConfigEmbeddedWebApplicationContext@55182842: startup date [Thu Jun 20 10:51:42 CST 2019]; root of context hierarchy
[2019-06-20 10:51:42.671]  INFO  org.hibernate.validator.internal.util.Version <clinit>  30 - HV000001: Hibernate Validator 5.3.4.Final
[2019-06-20 10:51:43.354]  INFO  zqit.claim.plugin.dynamicDatasource.DynamicDataSourceRegister registerBeanDefinitions  70 - Dynamic DataSource Registry
[2019-06-20 10:51:43.548]  WARN  tk.mybatis.spring.mapper.ClassPathMapperScanner doScan  146 - No MyBatis mapper was found in '[zqit.claim]' package. Please check your configuration.
[2019-06-20 10:51:43.570]  WARN  org.mybatis.spring.mapper.ClassPathMapperScanner warn  44 - No MyBatis mapper was found in '[zqit.claim]' package. Please check your configuration.
[2019-06-20 10:51:43.664]  WARN  org.springframework.context.annotation.ConfigurationClassPostProcessor enhanceConfigurationClasses  373 - Cannot enhance @Configuration bean definition 'TKMapperConfig' since its singleton instance has been created too early. The typical cause is a non-static @Bean method with a BeanDefinitionRegistryPostProcessor return type: Consider declaring such methods as 'static'.
[2019-06-20 10:51:44.224]  INFO  o.s.context.support.PostProcessorRegistrationDelegate$BeanPostProcessorChecker postProcessAfterInitialization  325 - Bean 'org.springframework.transaction.annotation.ProxyTransactionManagementConfiguration' of type [org.springframework.transaction.annotation.ProxyTransactionManagementConfiguration$$EnhancerBySpringCGLIB$$66b86314] is not eligible for getting processed by all BeanPostProcessors (for example: not eligible for auto-proxying)
[2019-06-20 10:51:45.146]  INFO  org.xnio <clinit>  99 - XNIO version 3.3.6.Final
[2019-06-20 10:51:45.165]  INFO  org.xnio.nio <clinit>  55 - XNIO NIO Implementation Version 3.3.6.Final
[2019-06-20 10:51:45.306]  WARN  io.undertow.websockets.jsr handleDeployment  67 - UT026009: XNIO worker was not set on WebSocketDeploymentInfo, the default worker will be used
[2019-06-20 10:51:45.306]  WARN  io.undertow.websockets.jsr handleDeployment  76 - UT026010: Buffer pool was not set on WebSocketDeploymentInfo, the default pool will be used
[2019-06-20 10:51:45.340]  INFO  io.undertow.servlet log  360 - Initializing Spring embedded WebApplicationContext
[2019-06-20 10:51:45.342]  INFO  org.springframework.web.context.ContextLoader prepareEmbeddedWebApplicationContext  276 - Root WebApplicationContext: initialization completed in 2746 ms
[2019-06-20 10:51:45.775]  INFO  org.springframework.boot.web.servlet.ServletRegistrationBean onStartup  190 - Mapping servlet: 'dispatcherServlet' to [/]
[2019-06-20 10:51:45.784]  INFO  org.springframework.boot.web.servlet.FilterRegistrationBean configure  258 - Mapping filter: 'characterEncodingFilter' to: [/*]
[2019-06-20 10:51:45.787]  INFO  org.springframework.boot.web.servlet.FilterRegistrationBean configure  258 - Mapping filter: 'hiddenHttpMethodFilter' to: [/*]
[2019-06-20 10:51:45.788]  INFO  org.springframework.boot.web.servlet.FilterRegistrationBean configure  258 - Mapping filter: 'httpPutFormContentFilter' to: [/*]
[2019-06-20 10:51:45.789]  INFO  org.springframework.boot.web.servlet.FilterRegistrationBean configure  258 - Mapping filter: 'requestContextFilter' to: [/*]
[2019-06-20 10:51:45.965]  INFO  org.springframework.scheduling.concurrent.ThreadPoolTaskScheduler initialize  165 - Initializing ExecutorService  'taskScheduler'
[2019-06-20 10:51:47.274]  INFO  o.springframework.web.servlet.mvc.method.annotation.RequestMappingHandlerAdapter initControllerAdviceCache  534 - Looking for @ControllerAdvice: org.springframework.boot.context.embedded.AnnotationConfigEmbeddedWebApplicationContext@55182842: startup date [Thu Jun 20 10:51:42 CST 2019]; root of context hierarchy
[2019-06-20 10:51:47.495]  INFO  o.springframework.web.servlet.mvc.method.annotation.RequestMappingHandlerMapping register  543 - Mapped "{[/error]}" onto public org.springframework.http.ResponseEntity<java.util.Map<java.lang.String, java.lang.Object>> org.springframework.boot.autoconfigure.web.BasicErrorController.error(javax.servlet.http.HttpServletRequest)
[2019-06-20 10:51:47.496]  INFO  o.springframework.web.servlet.mvc.method.annotation.RequestMappingHandlerMapping register  543 - Mapped "{[/error],produces=[text/html]}" onto public org.springframework.web.servlet.ModelAndView org.springframework.boot.autoconfigure.web.BasicErrorController.errorHtml(javax.servlet.http.HttpServletRequest,javax.servlet.http.HttpServletResponse)
[2019-06-20 10:51:47.696]  INFO  org.springframework.web.servlet.handler.SimpleUrlHandlerMapping registerHandler  362 - Mapped URL path [/webjars/**] onto handler of type [class org.springframework.web.servlet.resource.ResourceHttpRequestHandler]
[2019-06-20 10:51:47.698]  INFO  org.springframework.web.servlet.handler.SimpleUrlHandlerMapping registerHandler  362 - Mapped URL path [/**] onto handler of type [class org.springframework.web.servlet.resource.ResourceHttpRequestHandler]
[2019-06-20 10:51:47.797]  INFO  org.springframework.web.servlet.handler.SimpleUrlHandlerMapping registerHandler  362 - Mapped URL path [/**/favicon.ico] onto handler of type [class org.springframework.web.servlet.resource.ResourceHttpRequestHandler]
[2019-06-20 10:51:48.079]  INFO  tk.mybatis.mapper.autoconfigure.MapperCacheDisabler removeStaticCache  60 - Clear tk.mybatis.mapper.util.MsUtil CLASS_CACHE cache.
[2019-06-20 10:51:48.081]  INFO  tk.mybatis.mapper.autoconfigure.MapperCacheDisabler removeStaticCache  60 - Clear tk.mybatis.mapper.genid.GenIdUtil CACHE cache.
[2019-06-20 10:51:48.082]  INFO  tk.mybatis.mapper.autoconfigure.MapperCacheDisabler removeStaticCache  60 - Clear tk.mybatis.mapper.version.VersionUtil CACHE cache.
[2019-06-20 10:51:48.085]  INFO  tk.mybatis.mapper.autoconfigure.MapperCacheDisabler removeEntityHelperCache  83 - Clear EntityHelper entityTableMap cache.
[2019-06-20 10:51:49.581]  INFO  org.springframework.jmx.export.annotation.AnnotationMBeanExporter afterSingletonsInstantiated  431 - Registering beans for JMX exposure on startup
[2019-06-20 10:51:49.678]  INFO  o.s.boot.context.embedded.undertow.UndertowEmbeddedServletContainer start  160 - Undertow started on port(s) 8080 (http)
[2019-06-20 10:51:49.692]  INFO  zqit.claim.YdClaimBatchApp logStarted  57 - Started YdClaimBatchApp in 8.014 seconds (JVM running for 8.562)
[2019-06-20 10:51:50.009]  DEBUG zqit.claim.plugin.aop.TaskInterceptor beforeInter  39 - <AOP-ASPECT> - Task - BEFORE - zqit.claim.plugin.sechedule.task.DemoTask.work
[2019-06-20 10:51:50.016]  INFO  zqit.claim.plugin.aop.TaskInterceptor Interceptor  75 - <AOP-ASPECT> - Task - ARROUND - zqit.claim.plugin.sechedule.task.DemoTask.work , arround-time : 9ms
[2019-06-20 10:51:50.016]  DEBUG zqit.claim.plugin.aop.TaskInterceptor afterInter  51 - <AOP-ASPECT> - Task - AFTER - zqit.claim.plugin.sechedule.task.DemoTask.work
[2019-06-20 10:51:53.091]  INFO  o.s.boot.context.embedded.AnnotationConfigEmbeddedWebApplicationContext doClose  987 - Closing org.springframework.boot.context.embedded.AnnotationConfigEmbeddedWebApplicationContext@55182842: startup date [Thu Jun 20 10:51:42 CST 2019]; root of context hierarchy
[2019-06-20 10:51:53.096]  INFO  org.springframework.jmx.export.annotation.AnnotationMBeanExporter destroy  449 - Unregistering JMX-exposed beans on shutdown
[2019-06-20 10:51:53.097]  INFO  org.springframework.scheduling.concurrent.ThreadPoolTaskScheduler shutdown  203 - Shutting down ExecutorService 'taskScheduler'
